\BOOKMARK [1][-]{section.1}{Question 1}{}% 1
\BOOKMARK [2][-]{subsection.1.1}{Description}{section.1}% 2
\BOOKMARK [2][-]{subsection.1.2}{Approach Towards the Solution}{section.1}% 3
\BOOKMARK [3][-]{subsubsection.1.2.1}{Desciption of searchTwitter.py}{subsection.1.2}% 4
\BOOKMARK [3][-]{subsubsection.1.2.2}{Desciption of filterTwitter.py}{subsection.1.2}% 5
\BOOKMARK [2][-]{subsection.1.3}{Source Code}{section.1}% 6
\BOOKMARK [3][-]{subsubsection.1.3.1}{searchTwitter.py}{subsection.1.3}% 7
\BOOKMARK [3][-]{subsubsection.1.3.2}{filterTwitter.py}{subsection.1.3}% 8
\BOOKMARK [2][-]{subsection.1.4}{OutputFiles}{section.1}% 9
\BOOKMARK [3][-]{subsubsection.1.4.1}{finalUniqueUri.txt}{subsection.1.4}% 10
\BOOKMARK [1][-]{section.2}{Question 2}{}% 11
\BOOKMARK [2][-]{subsection.2.1}{Description}{section.2}% 12
\BOOKMARK [2][-]{subsection.2.2}{Approach Towards the Solution}{section.2}% 13
\BOOKMARK [3][-]{subsubsection.2.2.1}{momentoTwitter.py}{subsection.2.2}% 14
\BOOKMARK [2][-]{subsection.2.3}{Source Code}{section.2}% 15
\BOOKMARK [3][-]{subsubsection.2.3.1}{momentoTwitter.py}{subsection.2.3}% 16
\BOOKMARK [2][-]{subsection.2.4}{OutputFiles}{section.2}% 17
\BOOKMARK [3][-]{subsubsection.2.4.1}{momentoUri.txt}{subsection.2.4}% 18
\BOOKMARK [2][-]{subsection.2.5}{Histogram }{section.2}% 19
\BOOKMARK [3][-]{subsubsection.2.5.1}{code to generate the Histogram histogramCode.txt}{subsection.2.5}% 20
\BOOKMARK [3][-]{subsubsection.2.5.2}{Description of Histograms}{subsection.2.5}% 21
\BOOKMARK [3][-]{subsubsection.2.5.3}{Histogram 1: momento / URI}{subsection.2.5}% 22
\BOOKMARK [3][-]{subsubsection.2.5.4}{Histogram 2: momento / URI}{subsection.2.5}% 23
\BOOKMARK [1][-]{section.3}{Question 3}{}% 24
\BOOKMARK [2][-]{subsection.3.1}{Description}{section.3}% 25
\BOOKMARK [2][-]{subsection.3.2}{Approach Towards the Solution}{section.3}% 26
\BOOKMARK [3][-]{subsubsection.3.2.1}{description of daysCountTwitter.py}{subsection.3.2}% 27
\BOOKMARK [3][-]{subsubsection.3.2.2}{description of momentoDays.py}{subsection.3.2}% 28
\BOOKMARK [3][-]{subsubsection.3.2.3}{daysCountTwitter.py}{subsection.3.2}% 29
\BOOKMARK [3][-]{subsubsection.3.2.4}{momentoDays.py}{subsection.3.2}% 30
\BOOKMARK [2][-]{subsection.3.3}{OutputFiles}{section.3}% 31
\BOOKMARK [3][-]{subsubsection.3.3.1}{carbonDateTwitter.txt}{subsection.3.3}% 32
\BOOKMARK [3][-]{subsubsection.3.3.2}{carbonDateDays.txt}{subsection.3.3}% 33
\BOOKMARK [3][-]{subsubsection.3.3.3}{momentoDays.txt}{subsection.3.3}% 34
\BOOKMARK [2][-]{subsection.3.4}{Scatterplot}{section.3}% 35
\BOOKMARK [3][-]{subsubsection.3.4.1}{Code to generate the Scatterplot scatterplotCode.txt}{subsection.3.4}% 36
\BOOKMARK [3][-]{subsubsection.3.4.2}{Description of Histogram}{subsection.3.4}% 37
\BOOKMARK [3][-]{subsubsection.3.4.3}{Scatterplot 1:}{subsection.3.4}% 38
\BOOKMARK [3][-]{subsubsection.3.4.4}{Scatterplot 2:}{subsection.3.4}% 39
