\BOOKMARK [1][-]{section.1}{Question 1}{}% 1
\BOOKMARK [2][-]{subsection.1.1}{Approach}{section.1}% 2
\BOOKMARK [2][-]{subsection.1.2}{Description of extractHyperLinks.py}{section.1}% 3
\BOOKMARK [2][-]{subsection.1.3}{Source Code}{section.1}% 4
\BOOKMARK [3][-]{subsubsection.1.3.1}{extractHyperLinks.py}{subsection.1.3}% 5
\BOOKMARK [2][-]{subsection.1.4}{Input Files}{section.1}% 6
\BOOKMARK [3][-]{subsubsection.1.4.1}{A2FinalOutput.txt}{subsection.1.4}% 7
\BOOKMARK [2][-]{subsection.1.5}{Output Files}{section.1}% 8
\BOOKMARK [3][-]{subsubsection.1.5.1}{md5Links.txt}{subsection.1.5}% 9
\BOOKMARK [3][-]{subsubsection.1.5.2}{a524329028e8dcfc4879b4b453c1040a.link}{subsection.1.5}% 10
\BOOKMARK [1][-]{section.2}{Question 2}{}% 11
\BOOKMARK [2][-]{subsection.2.1}{Description of createDotFile.py}{section.2}% 12
\BOOKMARK [2][-]{subsection.2.2}{Source Code}{section.2}% 13
\BOOKMARK [3][-]{subsubsection.2.2.1}{createDotFile.py}{subsection.2.2}% 14
\BOOKMARK [2][-]{subsection.2.3}{Input Files}{section.2}% 15
\BOOKMARK [3][-]{subsubsection.2.3.1}{md5Links.txt}{subsection.2.3}% 16
\BOOKMARK [2][-]{subsection.2.4}{Output Files}{section.2}% 17
\BOOKMARK [3][-]{subsubsection.2.4.1}{mapping.txt}{subsection.2.4}% 18
\BOOKMARK [1][-]{section.3}{Question 3}{}% 19
\BOOKMARK [2][-]{subsection.3.1}{Approach}{section.3}% 20
\BOOKMARK [2][-]{subsection.3.2}{Input Files}{section.3}% 21
\BOOKMARK [3][-]{subsubsection.3.2.1}{mapping.txt}{subsection.3.2}% 22
\BOOKMARK [2][-]{subsection.3.3}{Visualization with labels}{section.3}% 23
\BOOKMARK [3][-]{subsubsection.3.3.1}{Hits}{subsection.3.3}% 24
\BOOKMARK [3][-]{subsubsection.3.3.2}{PageRank}{subsection.3.3}% 25
\BOOKMARK [3][-]{subsubsection.3.3.3}{Average}{subsection.3.3}% 26
\BOOKMARK [3][-]{subsubsection.3.3.4}{Network Diameter}{subsection.3.3}% 27
\BOOKMARK [3][-]{subsubsection.3.3.5}{Connected Components}{subsection.3.3}% 28
