\BOOKMARK [1][-]{section.1}{Question 1}{}% 1
\BOOKMARK [2][-]{subsection.1.1}{Approach Towards the Solution}{section.1}% 2
\BOOKMARK [3][-]{subsubsection.1.1.1}{Desciption of extractHtml.sh}{subsection.1.1}% 3
\BOOKMARK [3][-]{subsubsection.1.1.2}{Desciption of scrapeHtml.sh}{subsection.1.1}% 4
\BOOKMARK [2][-]{subsection.1.2}{Observation}{section.1}% 5
\BOOKMARK [2][-]{subsection.1.3}{Source Code to extract the HTML content}{section.1}% 6
\BOOKMARK [3][-]{subsubsection.1.3.1}{extractHtml.sh}{subsection.1.3}% 7
\BOOKMARK [3][-]{subsubsection.1.3.2}{requestsExtractHtml.py}{subsection.1.3}% 8
\BOOKMARK [3][-]{subsubsection.1.3.3}{urllibExtractHtml.py}{subsection.1.3}% 9
\BOOKMARK [2][-]{subsection.1.4}{Source Code to strip the HTML from raw files}{section.1}% 10
\BOOKMARK [3][-]{subsubsection.1.4.1}{stripHtml.sh}{subsection.1.4}% 11
\BOOKMARK [2][-]{subsection.1.5}{InputFile : uniqueUri.txt}{section.1}% 12
\BOOKMARK [2][-]{subsection.1.6}{OutputFiles}{section.1}% 13
\BOOKMARK [3][-]{subsubsection.1.6.1}{md5Uri.txt}{subsection.1.6}% 14
\BOOKMARK [3][-]{subsubsection.1.6.2}{2c46a0201b5a19f93e19a0ace98cfb92.htm}{subsection.1.6}% 15
\BOOKMARK [3][-]{subsubsection.1.6.3}{2c46a0201b5a19f93e19a0ace98cfb92.txt}{subsection.1.6}% 16
\BOOKMARK [2][-]{subsection.1.7}{Learnings}{section.1}% 17
\BOOKMARK [2][-]{subsection.1.8}{Mistakes}{section.1}% 18
\BOOKMARK [2][-]{subsection.1.9}{Testing}{section.1}% 19
\BOOKMARK [1][-]{section.2}{Question 2}{}% 20
\BOOKMARK [2][-]{subsection.2.1}{Approach Towards the Solution}{section.2}% 21
\BOOKMARK [3][-]{subsubsection.2.1.1}{Desciption of findKeyword.sh}{subsection.2.1}% 22
\BOOKMARK [3][-]{subsubsection.2.1.2}{Desciption of calculationProgram.py}{subsection.2.1}% 23
\BOOKMARK [2][-]{subsection.2.2}{Source Code}{section.2}% 24
\BOOKMARK [3][-]{subsubsection.2.2.1}{shellCommands.txt}{subsection.2.2}% 25
\BOOKMARK [3][-]{subsubsection.2.2.2}{findKeyword.sh}{subsection.2.2}% 26
\BOOKMARK [3][-]{subsubsection.2.2.3}{calculationProgram.py}{subsection.2.2}% 27
\BOOKMARK [2][-]{subsection.2.3}{Output Files}{section.2}% 28
\BOOKMARK [3][-]{subsubsection.2.3.1}{sort.txt}{subsection.2.3}% 29
\BOOKMARK [3][-]{subsubsection.2.3.2}{countData.txt}{subsection.2.3}% 30
\BOOKMARK [3][-]{subsubsection.2.3.3}{Assuming the total docs in corpus is the total \(835/1000\) unique URIs we are dealing with and docs with term is the number of docs with the keyword\(84/835\)}{subsection.2.3}% 31
\BOOKMARK [3][-]{subsubsection.2.3.4}{Assuming the total docs in corpus is the total \(20B\)and docs with term is the number of docs with the keyword\(65M\)}{subsection.2.3}% 32
\BOOKMARK [3][-]{subsubsection.2.3.5}{screenShot}{subsection.2.3}% 33
\BOOKMARK [1][-]{section.3}{Question 3}{}% 34
\BOOKMARK [2][-]{subsection.3.1}{Approach Towards the Solution}{section.3}% 35
\BOOKMARK [3][-]{subsubsection.3.1.1}{Desciption}{subsection.3.1}% 36
\BOOKMARK [2][-]{subsection.3.2}{Source}{section.3}% 37
\BOOKMARK [3][-]{subsubsection.3.2.1}{sourceLink.txt}{subsection.3.2}% 38
\BOOKMARK [2][-]{subsection.3.3}{Output Files}{section.3}% 39
\BOOKMARK [3][-]{subsubsection.3.3.1}{pageRank.txt}{subsection.3.3}% 40
\BOOKMARK [2][-]{subsection.3.4}{Compare and Contrast rankings in Question 2 and Question 3}{section.3}% 41
