\BOOKMARK [1][-]{section.1}{Question 1}{}% 1
\BOOKMARK [2][-]{subsection.1.1}{Approach Towards the Solution}{section.1}% 2
\BOOKMARK [3][-]{subsubsection.1.1.1}{Test 1}{subsection.1.1}% 3
\BOOKMARK [3][-]{subsubsection.1.1.2}{Test 2 }{subsection.1.1}% 4
\BOOKMARK [2][-]{subsection.1.2}{Source Code}{section.1}% 5
\BOOKMARK [3][-]{subsubsection.1.2.1}{webTest.php}{subsection.1.2}% 6
\BOOKMARK [3][-]{subsubsection.1.2.2}{sucessPage.php}{subsection.1.2}% 7
\BOOKMARK [2][-]{subsection.1.3}{Solution}{section.1}% 8
\BOOKMARK [3][-]{subsubsection.1.3.1}{POST method}{subsection.1.3}% 9
\BOOKMARK [3][-]{subsubsection.1.3.2}{GET method}{subsection.1.3}% 10
\BOOKMARK [2][-]{subsection.1.4}{Output}{section.1}% 11
\BOOKMARK [3][-]{subsubsection.1.4.1}{response.htm}{subsection.1.4}% 12
\BOOKMARK [3][-]{subsubsection.1.4.2}{gresponse.htm}{subsection.1.4}% 13
\BOOKMARK [2][-]{subsection.1.5}{Screen Shots}{section.1}% 14
\BOOKMARK [1][-]{section.2}{Question 2}{}% 15
\BOOKMARK [2][-]{subsection.2.1}{Description}{section.2}% 16
\BOOKMARK [2][-]{subsection.2.2}{Approach Towards the Solution}{section.2}% 17
\BOOKMARK [2][-]{subsection.2.3}{Python Code}{section.2}% 18
\BOOKMARK [3][-]{subsubsection.2.3.1}{A1.py}{subsection.2.3}% 19
\BOOKMARK [2][-]{subsection.2.4}{Output}{section.2}% 20
\BOOKMARK [1][-]{section.3}{Question 3}{}% 21
\BOOKMARK [2][-]{subsection.3.1}{Problem Description:}{section.3}% 22
\BOOKMARK [2][-]{subsection.3.2}{Graph:}{section.3}% 23
\BOOKMARK [3][-]{subsubsection.3.2.1}{Diagram}{subsection.3.2}% 24
\BOOKMARK [2][-]{subsection.3.3}{Values of :}{section.3}% 25
\BOOKMARK [2][-]{subsection.3.4}{Definition}{section.3}% 26
\BOOKMARK [2][-]{subsection.3.5}{How are the nodes forming SCC, IN....?}{section.3}% 27
