This is pdfTeX, Version 3.1415926-2.5-1.40.14 (MiKTeX 2.9) (preloaded format=pdflatex 2014.9.10)  15 NOV 2014 22:35
entering extended mode
**A8_report.tex
(Z:\cs594\A8\Report\A8_report.tex
LaTeX2e <2011/06/27>
Babel <v3.8m> and hyphenation patterns for english, afrikaans, ancientgreek, ar
abic, armenian, assamese, basque, bengali, bokmal, bulgarian, catalan, coptic, 
croatian, czech, danish, dutch, esperanto, estonian, farsi, finnish, french, ga
lician, german, german-x-2013-05-26, greek, gujarati, hindi, hungarian, iceland
ic, indonesian, interlingua, irish, italian, kannada, kurmanji, latin, latvian,
 lithuanian, malayalam, marathi, mongolian, mongolianlmc, monogreek, ngerman, n
german-x-2013-05-26, nynorsk, oriya, panjabi, pinyin, polish, portuguese, roman
ian, russian, sanskrit, serbian, slovak, slovenian, spanish, swedish, swissgerm
an, tamil, telugu, turkish, turkmen, ukenglish, ukrainian, uppersorbian, usengl
ishmax, welsh, loaded.
("C:\Program Files (x86)\MiKTeX 2.9\tex\latex\base\article.cls"
Document Class: article 2007/10/19 v1.4h Standard LaTeX document class
("C:\Program Files (x86)\MiKTeX 2.9\tex\latex\base\size12.clo"
File: size12.clo 2007/10/19 v1.4h Standard LaTeX file (size option)
)
\c@part=\count79
\c@section=\count80
\c@subsection=\count81
\c@subsubsection=\count82
\c@paragraph=\count83
\c@subparagraph=\count84
\c@figure=\count85
\c@table=\count86
\abovecaptionskip=\skip41
\belowcaptionskip=\skip42
\bibindent=\dimen102
)
("C:\Program Files (x86)\MiKTeX 2.9\tex\latex\graphics\graphicx.sty"
Package: graphicx 1999/02/16 v1.0f Enhanced LaTeX Graphics (DPC,SPQR)

("C:\Program Files (x86)\MiKTeX 2.9\tex\latex\graphics\keyval.sty"
Package: keyval 1999/03/16 v1.13 key=value parser (DPC)
\KV@toks@=\toks14
)
("C:\Program Files (x86)\MiKTeX 2.9\tex\latex\graphics\graphics.sty"
Package: graphics 2009/02/05 v1.0o Standard LaTeX Graphics (DPC,SPQR)

("C:\Program Files (x86)\MiKTeX 2.9\tex\latex\graphics\trig.sty"
Package: trig 1999/03/16 v1.09 sin cos tan (DPC)
)
("C:\Program Files (x86)\MiKTeX 2.9\tex\latex\00miktex\graphics.cfg"
File: graphics.cfg 2007/01/18 v1.5 graphics configuration of teTeX/TeXLive
)
Package graphics Info: Driver file: pdftex.def on input line 91.

("C:\Program Files (x86)\MiKTeX 2.9\tex\latex\pdftex-def\pdftex.def"
File: pdftex.def 2011/05/27 v0.06d Graphics/color for pdfTeX

("C:\Program Files (x86)\MiKTeX 2.9\tex\generic\oberdiek\infwarerr.sty"
Package: infwarerr 2010/04/08 v1.3 Providing info/warning/error messages (HO)
)
("C:\Program Files (x86)\MiKTeX 2.9\tex\generic\oberdiek\ltxcmds.sty"
Package: ltxcmds 2011/11/09 v1.22 LaTeX kernel commands for general use (HO)
)
\Gread@gobject=\count87
))
\Gin@req@height=\dimen103
\Gin@req@width=\dimen104
)
(C:\Users\bbokka\AppData\Roaming\MiKTeX\2.9\tex\latex\listings\listings.sty
\lst@mode=\count88
\lst@gtempboxa=\box26
\lst@token=\toks15
\lst@length=\count89
\lst@currlwidth=\dimen105
\lst@column=\count90
\lst@pos=\count91
\lst@lostspace=\dimen106
\lst@width=\dimen107
\lst@newlines=\count92
\lst@lineno=\count93
\lst@maxwidth=\dimen108

(C:\Users\bbokka\AppData\Roaming\MiKTeX\2.9\tex\latex\listings\lstmisc.sty
File: lstmisc.sty 2014/09/06 1.5e (Carsten Heinz)
\c@lstnumber=\count94
\lst@skipnumbers=\count95
\lst@framebox=\box27
)
(C:\Users\bbokka\AppData\Roaming\MiKTeX\2.9\tex\latex\listings\listings.cfg
File: listings.cfg 2014/09/06 1.5e listings configuration
))
Package: listings 2014/09/06 1.5e (Carsten Heinz)

("C:\Program Files (x86)\MiKTeX 2.9\tex\latex\hyperref\hyperref.sty"
Package: hyperref 2012/11/06 v6.83m Hypertext links for LaTeX

("C:\Program Files (x86)\MiKTeX 2.9\tex\generic\oberdiek\hobsub-hyperref.sty"
Package: hobsub-hyperref 2012/04/25 v1.12 Bundle oberdiek, subset hyperref (HO)


("C:\Program Files (x86)\MiKTeX 2.9\tex\generic\oberdiek\hobsub-generic.sty"
Package: hobsub-generic 2012/04/25 v1.12 Bundle oberdiek, subset generic (HO)
Package: hobsub 2012/04/25 v1.12 Construct package bundles (HO)
Package hobsub Info: Skipping package `infwarerr' (already loaded).
Package hobsub Info: Skipping package `ltxcmds' (already loaded).
Package: ifluatex 2010/03/01 v1.3 Provides the ifluatex switch (HO)
Package ifluatex Info: LuaTeX not detected.
Package: ifvtex 2010/03/01 v1.5 Detect VTeX and its facilities (HO)
Package ifvtex Info: VTeX not detected.
Package: intcalc 2007/09/27 v1.1 Expandable calculations with integers (HO)
Package: ifpdf 2011/01/30 v2.3 Provides the ifpdf switch (HO)
Package ifpdf Info: pdfTeX in PDF mode is detected.
Package: etexcmds 2011/02/16 v1.5 Avoid name clashes with e-TeX commands (HO)
Package etexcmds Info: Could not find \expanded.
(etexcmds)             That can mean that you are not using pdfTeX 1.50 or
(etexcmds)             that some package has redefined \expanded.
(etexcmds)             In the latter case, load this package earlier.
Package: kvsetkeys 2012/04/25 v1.16 Key value parser (HO)
Package: kvdefinekeys 2011/04/07 v1.3 Define keys (HO)
Package: pdftexcmds 2011/11/29 v0.20 Utility functions of pdfTeX for LuaTeX (HO
)
Package pdftexcmds Info: LuaTeX not detected.
Package pdftexcmds Info: \pdf@primitive is available.
Package pdftexcmds Info: \pdf@ifprimitive is available.
Package pdftexcmds Info: \pdfdraftmode found.
Package: pdfescape 2011/11/25 v1.13 Implements pdfTeX's escape features (HO)
Package: bigintcalc 2012/04/08 v1.3 Expandable calculations on big integers (HO
)
Package: bitset 2011/01/30 v1.1 Handle bit-vector datatype (HO)
Package: uniquecounter 2011/01/30 v1.2 Provide unlimited unique counter (HO)
)
Package hobsub Info: Skipping package `hobsub' (already loaded).
Package: letltxmacro 2010/09/02 v1.4 Let assignment for LaTeX macros (HO)
Package: hopatch 2011/06/24 v1.1 Wrapper for package hooks (HO)
Package: xcolor-patch 2011/01/30 xcolor patch
Package: atveryend 2011/06/30 v1.8 Hooks at the very end of document (HO)
Package atveryend Info: \enddocument detected (standard20110627).
Package: atbegshi 2011/10/05 v1.16 At begin shipout hook (HO)
Package: refcount 2011/10/16 v3.4 Data extraction from label references (HO)
Package: hycolor 2011/01/30 v1.7 Color options for hyperref/bookmark (HO)
)
("C:\Program Files (x86)\MiKTeX 2.9\tex\generic\ifxetex\ifxetex.sty"
Package: ifxetex 2010/09/12 v0.6 Provides ifxetex conditional
)
("C:\Program Files (x86)\MiKTeX 2.9\tex\latex\oberdiek\auxhook.sty"
Package: auxhook 2011/03/04 v1.3 Hooks for auxiliary files (HO)
)
("C:\Program Files (x86)\MiKTeX 2.9\tex\latex\oberdiek\kvoptions.sty"
Package: kvoptions 2011/06/30 v3.11 Key value format for package options (HO)
)
\@linkdim=\dimen109
\Hy@linkcounter=\count96
\Hy@pagecounter=\count97

("C:\Program Files (x86)\MiKTeX 2.9\tex\latex\hyperref\pd1enc.def"
File: pd1enc.def 2012/11/06 v6.83m Hyperref: PDFDocEncoding definition (HO)
)
\Hy@SavedSpaceFactor=\count98

("C:\Program Files (x86)\MiKTeX 2.9\tex\latex\00miktex\hyperref.cfg"
File: hyperref.cfg 2002/06/06 v1.2 hyperref configuration of TeXLive
)
Package hyperref Info: Hyper figures OFF on input line 4443.
Package hyperref Info: Link nesting OFF on input line 4448.
Package hyperref Info: Hyper index ON on input line 4451.
Package hyperref Info: Plain pages OFF on input line 4458.
Package hyperref Info: Backreferencing OFF on input line 4463.
Package hyperref Info: Implicit mode ON; LaTeX internals redefined.
Package hyperref Info: Bookmarks ON on input line 4688.
\c@Hy@tempcnt=\count99

(C:\Users\bbokka\AppData\Roaming\MiKTeX\2.9\tex\latex\url\url.sty
\Urlmuskip=\muskip10
Package: url 2013/09/16  ver 3.4  Verb mode for urls, etc.
)
LaTeX Info: Redefining \url on input line 5041.
\XeTeXLinkMargin=\dimen110
\Fld@menulength=\count100
\Field@Width=\dimen111
\Fld@charsize=\dimen112
Package hyperref Info: Hyper figures OFF on input line 6295.
Package hyperref Info: Link nesting OFF on input line 6300.
Package hyperref Info: Hyper index ON on input line 6303.
Package hyperref Info: backreferencing OFF on input line 6310.
Package hyperref Info: Link coloring OFF on input line 6315.
Package hyperref Info: Link coloring with OCG OFF on input line 6320.
Package hyperref Info: PDF/A mode OFF on input line 6325.
LaTeX Info: Redefining \ref on input line 6365.
LaTeX Info: Redefining \pageref on input line 6369.
\Hy@abspage=\count101
\c@Item=\count102
\c@Hfootnote=\count103
)

Package hyperref Message: Driver (autodetected): hpdftex.

("C:\Program Files (x86)\MiKTeX 2.9\tex\latex\hyperref\hpdftex.def"
File: hpdftex.def 2012/11/06 v6.83m Hyperref driver for pdfTeX
\Fld@listcount=\count104
\c@bookmark@seq@number=\count105

("C:\Program Files (x86)\MiKTeX 2.9\tex\latex\oberdiek\rerunfilecheck.sty"
Package: rerunfilecheck 2011/04/15 v1.7 Rerun checks for auxiliary files (HO)
Package uniquecounter Info: New unique counter `rerunfilecheck' on input line 2
82.
)
\Hy@SectionHShift=\skip43
)
(C:\Users\bbokka\AppData\Roaming\MiKTeX\2.9\tex\latex\caption\caption.sty
Package: caption 2013/05/02 v3.3-89 Customizing captions (AR)

(C:\Users\bbokka\AppData\Roaming\MiKTeX\2.9\tex\latex\caption\caption3.sty
Package: caption3 2013/05/02 v1.6-88 caption3 kernel (AR)
Package caption3 Info: TeX engine: e-TeX on input line 57.
\captionmargin=\dimen113
\captionmargin@=\dimen114
\captionwidth=\dimen115
\caption@tempdima=\dimen116
\caption@indent=\dimen117
\caption@parindent=\dimen118
\caption@hangindent=\dimen119
)
\c@ContinuedFloat=\count106
Package caption Info: hyperref package is loaded.
Package caption Info: listings package is loaded.
)
("C:\Program Files (x86)\MiKTeX 2.9\tex\latex\graphics\color.sty"
Package: color 2005/11/14 v1.0j Standard LaTeX Color (DPC)

("C:\Program Files (x86)\MiKTeX 2.9\tex\latex\00miktex\color.cfg"
File: color.cfg 2007/01/18 v1.5 color configuration of teTeX/TeXLive
)
Package color Info: Driver file: pdftex.def on input line 130.
)
(C:\Users\bbokka\AppData\Roaming\MiKTeX\2.9\tex\latex\pdfpages\pdfpages.sty
Package: pdfpages 2013/08/25 v0.4v Insert pages of external PDF documents (AM)

("C:\Program Files (x86)\MiKTeX 2.9\tex\latex\base\ifthen.sty"
Package: ifthen 2001/05/26 v1.1c Standard LaTeX ifthen package (DPC)
)
("C:\Program Files (x86)\MiKTeX 2.9\tex\latex\tools\calc.sty"
Package: calc 2007/08/22 v4.3 Infix arithmetic (KKT,FJ)
\calc@Acount=\count107
\calc@Bcount=\count108
\calc@Adimen=\dimen120
\calc@Bdimen=\dimen121
\calc@Askip=\skip44
\calc@Bskip=\skip45
LaTeX Info: Redefining \setlength on input line 76.
LaTeX Info: Redefining \addtolength on input line 77.
\calc@Ccount=\count109
\calc@Cskip=\skip46
)
(C:\Users\bbokka\AppData\Roaming\MiKTeX\2.9\tex\latex\eso-pic\eso-pic.sty
Package: eso-pic 2013/10/06 v2.0d eso-pic (RN)
)
(C:\Users\bbokka\AppData\Roaming\MiKTeX\2.9\tex\latex\pdfpages\pppdftex.def
File: pppdftex.def 2013/08/25 v0.4v Pdfpages driver for pdfTeX (AM)
)
\AM@pagebox=\box28
\AM@toc@title=\toks16
\c@AM@survey=\count110
\AM@templatesizebox=\box29
)
(Z:\cs594\A8\Report\A8_report.aux)
LaTeX Font Info:    Checking defaults for OML/cmm/m/it on input line 55.
LaTeX Font Info:    ... okay on input line 55.
LaTeX Font Info:    Checking defaults for T1/cmr/m/n on input line 55.
LaTeX Font Info:    ... okay on input line 55.
LaTeX Font Info:    Checking defaults for OT1/cmr/m/n on input line 55.
LaTeX Font Info:    ... okay on input line 55.
LaTeX Font Info:    Checking defaults for OMS/cmsy/m/n on input line 55.
LaTeX Font Info:    ... okay on input line 55.
LaTeX Font Info:    Checking defaults for OMX/cmex/m/n on input line 55.
LaTeX Font Info:    ... okay on input line 55.
LaTeX Font Info:    Checking defaults for U/cmr/m/n on input line 55.
LaTeX Font Info:    ... okay on input line 55.
LaTeX Font Info:    Checking defaults for PD1/pdf/m/n on input line 55.
LaTeX Font Info:    ... okay on input line 55.

(C:\Users\bbokka\AppData\Roaming\MiKTeX\2.9\tex\context\base\supp-pdf.mkii
[Loading MPS to PDF converter (version 2006.09.02).]
\scratchcounter=\count111
\scratchdimen=\dimen122
\scratchbox=\box30
\nofMPsegments=\count112
\nofMParguments=\count113
\everyMPshowfont=\toks17
\MPscratchCnt=\count114
\MPscratchDim=\dimen123
\MPnumerator=\count115
\makeMPintoPDFobject=\count116
\everyMPtoPDFconversion=\toks18
)
\c@lstlisting=\count117
\AtBeginShipoutBox=\box31
Package hyperref Info: Link coloring OFF on input line 55.
 ("C:\Program Files (x86)\MiKTeX 2.9\tex\latex\hyperref\nameref.sty"
Package: nameref 2012/10/27 v2.43 Cross-referencing by name of section

("C:\Program Files (x86)\MiKTeX 2.9\tex\generic\oberdiek\gettitlestring.sty"
Package: gettitlestring 2010/12/03 v1.4 Cleanup title references (HO)
)
\c@section@level=\count118
)
LaTeX Info: Redefining \ref on input line 55.
LaTeX Info: Redefining \pageref on input line 55.
LaTeX Info: Redefining \nameref on input line 55.

(Z:\cs594\A8\Report\A8_report.out) (Z:\cs594\A8\Report\A8_report.out)
\@outlinefile=\write3
Package caption Info: Begin \AtBeginDocument code.
Package caption Info: End \AtBeginDocument code.
LaTeX Font Info:    External font `cmex10' loaded for size
(Font)              <14.4> on input line 65.
LaTeX Font Info:    External font `cmex10' loaded for size
(Font)              <7> on input line 65.
 [1

{C:/Users/bbokka/AppData/Local/MiKTeX/2.9/pdftex/config/pdftex.map}]
(Z:\cs594\A8\Report\A8_report.toc
LaTeX Font Info:    External font `cmex10' loaded for size
(Font)              <12> on input line 2.
LaTeX Font Info:    External font `cmex10' loaded for size
(Font)              <8> on input line 2.
LaTeX Font Info:    External font `cmex10' loaded for size
(Font)              <6> on input line 2.
pdfTeX warning (ext4): destination with the same identifier (name{page.1}) has 
been already used, duplicate ignored
<to be read again> 
                   \relax 
l.44 ...berline {5.2}Approach}{25}{subsection.5.2}
                                                   [1] [2])
\tf@toc=\write4
 [3] [4]
(C:\Users\bbokka\AppData\Roaming\MiKTeX\2.9\tex\latex\listings\lstlang1.sty
File: lstlang1.sty 2014/09/06 1.5e listings language file
)
(Z:\cs594\A8\Q1\averageMovies.py
LaTeX Font Info:    Try loading font information for OMS+cmr on input line 7.

("C:\Program Files (x86)\MiKTeX 2.9\tex\latex\base\omscmr.fd"
File: omscmr.fd 1999/05/25 v2.5h Standard LaTeX font definitions
)
LaTeX Font Info:    Font shape `OMS/cmr/m/n' in size <10> not available
(Font)              Font shape `OMS/cmsy/m/n' tried instead on input line 7.
LaTeX Font Info:    External font `cmex10' loaded for size
(Font)              <5> on input line 42.
LaTeX Font Info:    Try loading font information for OML+cmr on input line 45.

("C:\Program Files (x86)\MiKTeX 2.9\tex\latex\base\omlcmr.fd"
File: omlcmr.fd 1999/05/25 v2.5h Standard LaTeX font definitions
)
LaTeX Font Info:    Font shape `OML/cmr/m/n' in size <10> not available
(Font)              Font shape `OML/cmm/m/it' tried instead on input line 45.
) [5]
(Z:\cs594\A8\u.dataForDoc) (Z:\cs594\A8\u.itemForDoc) [6]
<../Q1/averageMovies.png, id=608, 508.14844pt x 319.1925pt>
File: ../Q1/averageMovies.png Graphic file (type png)

<use ../Q1/averageMovies.png>
Package pdftex.def Info: ../Q1/averageMovies.png used on input line 108.
(pdftex.def)             Requested size: 508.14719pt x 319.19171pt.
 [7 <Z:/cs594/A8/Q1/averageMovies.png>]
(Z:\cs594\A8\Q1\averageMoviesMore.txt) [8] [9]
(Z:\cs594\A8\Q2\mostRatingMovies.py) [10] (Z:\cs594\A8\u.dataForDoc)
(Z:\cs594\A8\u.itemForDoc) [11]
<../Q2/mostRatingMovies.png, id=730, 490.08093pt x 367.3725pt>
File: ../Q2/mostRatingMovies.png Graphic file (type png)

<use ../Q2/mostRatingMovies.png>
Package pdftex.def Info: ../Q2/mostRatingMovies.png used on input line 153.
(pdftex.def)             Requested size: 490.07974pt x 367.37158pt.
 [12 <Z:/cs594/A8/Q2/mostRatingMovies.png>]
[13] (Z:\cs594\A8\Q3\averageGender.py [14]) [15] (Z:\cs594\A8\u.dataForDoc)
(Z:\cs594\A8\u.itemForDoc) (Z:\cs594\A8\u.userForDoc) [16]
<../Q3/averageGenderF.png, id=879, 508.14844pt x 319.1925pt>
File: ../Q3/averageGenderF.png Graphic file (type png)

<use ../Q3/averageGenderF.png>
Package pdftex.def Info: ../Q3/averageGenderF.png used on input line 202.
(pdftex.def)             Requested size: 508.14719pt x 319.19171pt.
 [17 <Z:/cs594/A8/Q3/averageGenderF.png>]
(Z:\cs594\A8\Q3\averageGenderFull.txt) [18] [19]
(Z:\cs594\A8\Q3\averageGender.py [20]) [21] (Z:\cs594\A8\u.dataForDoc)
(Z:\cs594\A8\u.itemForDoc) (Z:\cs594\A8\u.userForDoc) [22]
<../Q4/averageGenderM.png, id=1061, 508.14844pt x 319.1925pt>
File: ../Q4/averageGenderM.png Graphic file (type png)

<use ../Q4/averageGenderM.png>
Package pdftex.def Info: ../Q4/averageGenderM.png used on input line 248.
(pdftex.def)             Requested size: 508.14719pt x 319.19171pt.
 [23 <Z:/cs594/A8/Q4/averageGenderM.png>]
(Z:\cs594\A8\Q4\averageGenderFull.txt) [24] [25] (Z:\cs594\A8\Q5\reForDoc.py)
[26] (Z:\cs594\A8\Q5\ratingsTopGun.py) [27] (Z:\cs594\A8\u.dataForDoc)
(Z:\cs594\A8\u.itemForDoc) [28] (Z:\cs594\A8\Q5\ratingsLikeTopGun.txt
Missing character: There is no â in font cmr10!
Missing character: There is no – in font cmr10!
Missing character: There is no ’ in font cmr10!
 [29])
[30] (Z:\cs594\A8\Q5\ratingsLeastTopGun.txt [31]) [32] [33]
(Z:\cs594\A8\Q6\ratersMostRatedMovies.py) [34] (Z:\cs594\A8\u.dataForDoc)
<../Q6/ratersMostRatedMovies.png, id=1425, 490.08093pt x 367.3725pt>
File: ../Q6/ratersMostRatedMovies.png Graphic file (type png)

<use ../Q6/ratersMostRatedMovies.png>
Package pdftex.def Info: ../Q6/ratersMostRatedMovies.png used on input line 337
.
(pdftex.def)             Requested size: 490.07974pt x 367.37158pt.
 [35 <Z:/cs594/A8/Q6/ratersMostRatedMovies.png>] [36] [37] [38] (Z:\cs594\A8\Q9
\averageOverUnderGender.py [39]) [40]
(Z:\cs594\A8\u.dataForDoc) (Z:\cs594\A8\u.itemForDoc) (Z:\cs594\A8\u.userForDoc
) [41] <../Q9/averageOverM.png, id=1607, 508.14844pt x 319.1925pt>
File: ../Q9/averageOverM.png Graphic file (type png)

<use ../Q9/averageOverM.png>
Package pdftex.def Info: ../Q9/averageOverM.png used on input line 430.
(pdftex.def)             Requested size: 508.14719pt x 319.19171pt.
 [42 <Z:/cs594/A8/Q9/averageOverM.png>]
<../Q9/averageUnderM.png, id=1614, 508.14844pt x 319.1925pt>
File: ../Q9/averageUnderM.png Graphic file (type png)

<use ../Q9/averageUnderM.png>
Package pdftex.def Info: ../Q9/averageUnderM.png used on input line 438.
(pdftex.def)             Requested size: 508.14719pt x 319.19171pt.
 [43 <Z:/cs594/A8/Q9/averageUnderM.png>]
(Z:\cs594\A8\Q9\averageOverM.txt) [44] (Z:\cs594\A8\Q9\averageUnderM.txt)
[45] [46] (Z:\cs594\A8\Q10\averageOverUnderGender.py [47]) [48]
(Z:\cs594\A8\u.dataForDoc) (Z:\cs594\A8\u.itemForDoc) (Z:\cs594\A8\u.userForDoc
) [49] <../Q10/averageOverF.png, id=1864, 478.03593pt x 367.3725pt>
File: ../Q10/averageOverF.png Graphic file (type png)

<use ../Q10/averageOverF.png>
Package pdftex.def Info: ../Q10/averageOverF.png used on input line 490.
(pdftex.def)             Requested size: 478.03476pt x 367.37158pt.
 [50 <Z:/cs594/A8/Q10/averageOverF.png>]
<../Q10/averageUnderF.png, id=1870, 478.03593pt x 367.3725pt>
File: ../Q10/averageUnderF.png Graphic file (type png)

<use ../Q10/averageUnderF.png>
Package pdftex.def Info: ../Q10/averageUnderF.png used on input line 499.
(pdftex.def)             Requested size: 478.03476pt x 367.37158pt.
 [51 <Z:/cs594/A8/Q10/averageUnderF.png>]
(Z:\cs594\A8\Q10\averageOverF.txt) [52] (Z:\cs594\A8\Q10\averageUnderF.txt)
[53] (Z:\cs594\A8\Report\A8_report.bbl
Underfull \hbox (badness 10000) in paragraph at lines 16--21
[]\OT1/cmr/m/n/12 Frederick Hamidi.  Python: Run func-tion from the com-mand li
ne.
 []


Underfull \hbox (badness 10000) in paragraph at lines 16--21
\OT1/cmr/m/n/12 http://stackoverflow.com/questions/3987041/python-run-function-
from-the-command-line,
 []


Underfull \hbox (badness 10000) in paragraph at lines 23--28
[]\OT1/cmr/m/n/12 Devin Jean-pierre.  Sort a python dic-tio-nary by value.
 []

)
Package atveryend Info: Empty hook `BeforeClearDocument' on input line 519.
 [54]
Package atveryend Info: Empty hook `AfterLastShipout' on input line 519.
 (Z:\cs594\A8\Report\A8_report.aux)
Package atveryend Info: Executing hook `AtVeryEndDocument' on input line 519.
Package atveryend Info: Executing hook `AtEndAfterFileList' on input line 519.
Package rerunfilecheck Info: File `A8_report.out' has not changed.
(rerunfilecheck)             Checksum: 0FF75A9A36271CEC17EC0D67EE534915;6453.
Package atveryend Info: Empty hook `AtVeryVeryEnd' on input line 519.
 ) 
Here is how much of TeX's memory you used:
 10377 strings out of 493921
 157256 string characters out of 3144873
 533201 words of memory out of 3000000
 12115 multiletter control sequences out of 15000+200000
 9155 words of font info for 32 fonts, out of 3000000 for 9000
 841 hyphenation exceptions out of 8191
 36i,7n,43p,347b,1747s stack positions out of 5000i,500n,10000p,200000b,50000s
<C:/Program Files (x86)/MiKTeX 2.9/fonts/type1/public/amsfonts/cm/cmbx12.pfb>
<C:/Program Files (x86)/MiKTeX 2.9/fonts/type1/public/amsfonts/cm/cmmi10.pfb><C
:/Program Files (x86)/MiKTeX 2.9/fonts/type1/public/amsfonts/cm/cmr10.pfb><C:/P
rogram Files (x86)/MiKTeX 2.9/fonts/type1/public/amsfonts/cm/cmr12.pfb><C:/Prog
ram Files (x86)/MiKTeX 2.9/fonts/type1/public/amsfonts/cm/cmr17.pfb><C:/Program
 Files (x86)/MiKTeX 2.9/fonts/type1/public/amsfonts/cm/cmr6.pfb><C:/Program Fil
es (x86)/MiKTeX 2.9/fonts/type1/public/amsfonts/cm/cmsy10.pfb><C:/Program Files
 (x86)/MiKTeX 2.9/fonts/type1/public/amsfonts/cm/cmti12.pfb>
Output written on A8_report.pdf (55 pages, 860745 bytes).
PDF statistics:
 2289 PDF objects out of 2487 (max. 8388607)
 1379 named destinations out of 1440 (max. 500000)
 822 words of extra memory for PDF output out of 10000 (max. 10000000)

