This is pdfTeX, Version 3.1415926-1.40.11 (TeX Live 2010) (format=pdflatex 2014.8.20)  12 DEC 2014 01:18
entering extended mode
 restricted \write18 enabled.
 %&-line parsing enabled.
**A10-report.tex
(./A10-report.tex
LaTeX2e <2009/09/24>
Babel <v3.8l> and hyphenation patterns for english, dumylang, nohyphenation, ge
rman-x-2009-06-19, ngerman-x-2009-06-19, ancientgreek, ibycus, arabic, armenian
, basque, bulgarian, catalan, pinyin, coptic, croatian, czech, danish, dutch, u
kenglish, usenglishmax, esperanto, estonian, farsi, finnish, french, galician, 
german, ngerman, swissgerman, monogreek, greek, hungarian, icelandic, assamese,
 bengali, gujarati, hindi, kannada, malayalam, marathi, oriya, panjabi, tamil, 
telugu, indonesian, interlingua, irish, italian, kurmanji, lao, latin, latvian,
 lithuanian, mongolian, mongolianlmc, bokmal, nynorsk, polish, portuguese, roma
nian, russian, sanskrit, serbian, slovak, slovenian, spanish, swedish, turkish,
 turkmen, ukrainian, uppersorbian, welsh, loaded.
(/usr/local/texlive/2010/texmf-dist/tex/latex/base/article.cls
Document Class: article 2007/10/19 v1.4h Standard LaTeX document class
(/usr/local/texlive/2010/texmf-dist/tex/latex/base/size12.clo
File: size12.clo 2007/10/19 v1.4h Standard LaTeX file (size option)
)
\c@part=\count79
\c@section=\count80
\c@subsection=\count81
\c@subsubsection=\count82
\c@paragraph=\count83
\c@subparagraph=\count84
\c@figure=\count85
\c@table=\count86
\abovecaptionskip=\skip41
\belowcaptionskip=\skip42
\bibindent=\dimen102
)
(/usr/local/texlive/2010/texmf-dist/tex/latex/graphics/graphicx.sty
Package: graphicx 1999/02/16 v1.0f Enhanced LaTeX Graphics (DPC,SPQR)

(/usr/local/texlive/2010/texmf-dist/tex/latex/graphics/keyval.sty
Package: keyval 1999/03/16 v1.13 key=value parser (DPC)
\KV@toks@=\toks14
)
(/usr/local/texlive/2010/texmf-dist/tex/latex/graphics/graphics.sty
Package: graphics 2009/02/05 v1.0o Standard LaTeX Graphics (DPC,SPQR)

(/usr/local/texlive/2010/texmf-dist/tex/latex/graphics/trig.sty
Package: trig 1999/03/16 v1.09 sin cos tan (DPC)
)
(/usr/local/texlive/2010/texmf-dist/tex/latex/latexconfig/graphics.cfg
File: graphics.cfg 2010/04/23 v1.9 graphics configuration of TeX Live
)
Package graphics Info: Driver file: pdftex.def on input line 91.

(/usr/local/texlive/2010/texmf-dist/tex/latex/pdftex-def/pdftex.def
File: pdftex.def 2010/02/14 v0.04n Graphics/color for pdfTeX
\Gread@gobject=\count87
))
\Gin@req@height=\dimen103
\Gin@req@width=\dimen104
)
(/usr/local/texlive/2010/texmf-dist/tex/latex/tools/longtable.sty
Package: longtable 2004/02/01 v4.11 Multi-page Table package (DPC)
\LTleft=\skip43
\LTright=\skip44
\LTpre=\skip45
\LTpost=\skip46
\LTchunksize=\count88
\LTcapwidth=\dimen105
\LT@head=\box26
\LT@firsthead=\box27
\LT@foot=\box28
\LT@lastfoot=\box29
\LT@cols=\count89
\LT@rows=\count90
\c@LT@tables=\count91
\c@LT@chunks=\count92
\LT@p@ftn=\toks15
)
(/usr/local/texlive/2010/texmf-dist/tex/latex/listings/listings.sty
\lst@mode=\count93
\lst@gtempboxa=\box30
\lst@token=\toks16
\lst@length=\count94
\lst@currlwidth=\dimen106
\lst@column=\count95
\lst@pos=\count96
\lst@lostspace=\dimen107
\lst@width=\dimen108
\lst@newlines=\count97
\lst@lineno=\count98
\lst@maxwidth=\dimen109

(/usr/local/texlive/2010/texmf-dist/tex/latex/listings/lstmisc.sty
File: lstmisc.sty 2007/02/22 1.4 (Carsten Heinz)
\c@lstnumber=\count99
\lst@skipnumbers=\count100
\lst@framebox=\box31
)
(/usr/local/texlive/2010/texmf-dist/tex/latex/listings/listings.cfg
File: listings.cfg 2007/02/22 1.4 listings configuration
))
Package: listings 2007/02/22 1.4 (Carsten Heinz)

(/usr/local/texlive/2010/texmf-dist/tex/latex/hyperref/hyperref.sty
Package: hyperref 2010/06/18 v6.81g Hypertext links for LaTeX

(/usr/local/texlive/2010/texmf-dist/tex/generic/oberdiek/ltxcmds.sty
Package: ltxcmds 2010/04/26 v1.7 LaTeX kernel commands for general use (HO)
)
(/usr/local/texlive/2010/texmf-dist/tex/generic/oberdiek/kvsetkeys.sty
Package: kvsetkeys 2010/03/01 v1.9 Key value parser (HO)

(/usr/local/texlive/2010/texmf-dist/tex/generic/oberdiek/infwarerr.sty
Package: infwarerr 2010/04/08 v1.3 Providing info/warning/message (HO)
)
(/usr/local/texlive/2010/texmf-dist/tex/generic/oberdiek/etexcmds.sty
Package: etexcmds 2010/01/28 v1.3 Prefix for e-TeX command names (HO)
Package etexcmds Info: Could not find \expanded.
(etexcmds)             That can mean that you are not using pdfTeX 1.50 or
(etexcmds)             that some package has redefined \expanded.
(etexcmds)             In the latter case, load this package earlier.
))
(/usr/local/texlive/2010/texmf-dist/tex/generic/oberdiek/pdfescape.sty
Package: pdfescape 2010/03/01 v1.9 Provides hex, PDF name and string conversion
s (HO)

(/usr/local/texlive/2010/texmf-dist/tex/generic/oberdiek/pdftexcmds.sty
Package: pdftexcmds 2010/04/01 v0.9 Utility functions of pdfTeX for LuaTeX (HO)


(/usr/local/texlive/2010/texmf-dist/tex/generic/oberdiek/ifluatex.sty
Package: ifluatex 2010/03/01 v1.3 Provides the ifluatex switch (HO)
Package ifluatex Info: LuaTeX not detected.
)
Package pdftexcmds Info: LuaTeX not detected.
Package pdftexcmds Info: \pdf@primitive is available.
Package pdftexcmds Info: \pdf@ifprimitive is available.
))
(/usr/local/texlive/2010/texmf-dist/tex/generic/oberdiek/ifpdf.sty
Package: ifpdf 2010/01/28 v2.1 Provides the ifpdf switch (HO)
Package ifpdf Info: pdfTeX in pdf mode detected.
)
(/usr/local/texlive/2010/texmf-dist/tex/generic/oberdiek/ifvtex.sty
Package: ifvtex 2010/03/01 v1.5 Switches for detecting VTeX and its modes (HO)
Package ifvtex Info: VTeX not detected.
)
(/usr/local/texlive/2010/texmf-dist/tex/generic/ifxetex/ifxetex.sty
Package: ifxetex 2009/01/23 v0.5 Provides ifxetex conditional
)
(/usr/local/texlive/2010/texmf-dist/tex/latex/oberdiek/hycolor.sty
Package: hycolor 2009/12/12 v1.6 Color options of hyperref/bookmark (HO)

(/usr/local/texlive/2010/texmf-dist/tex/latex/oberdiek/xcolor-patch.sty
Package: xcolor-patch 2009/12/12 xcolor patch
))
(/usr/local/texlive/2010/texmf-dist/tex/latex/oberdiek/letltxmacro.sty
Package: letltxmacro 2008/06/24 v1.3 Let assignment for LaTeX macros (HO)
)
\@linkdim=\dimen110
\Hy@linkcounter=\count101
\Hy@pagecounter=\count102

(/usr/local/texlive/2010/texmf-dist/tex/latex/hyperref/pd1enc.def
File: pd1enc.def 2010/06/18 v6.81g Hyperref: PDFDocEncoding definition (HO)
)
(/usr/local/texlive/2010/texmf-dist/tex/generic/oberdiek/intcalc.sty
Package: intcalc 2007/09/27 v1.1 Expandable integer calculations (HO)
)
(/usr/local/texlive/2010/texmf-dist/tex/latex/latexconfig/hyperref.cfg
File: hyperref.cfg 2002/06/06 v1.2 hyperref configuration of TeXLive
)
(/usr/local/texlive/2010/texmf-dist/tex/latex/oberdiek/kvoptions.sty
Package: kvoptions 2010/02/22 v3.7 Keyval support for LaTeX options (HO)
)
Package hyperref Info: Hyper figures OFF on input line 3658.
Package hyperref Info: Link nesting OFF on input line 3663.
Package hyperref Info: Hyper index ON on input line 3666.
Package hyperref Info: Plain pages OFF on input line 3673.
Package hyperref Info: Backreferencing OFF on input line 3678.

Implicit mode ON; LaTeX internals redefined
Package hyperref Info: Bookmarks ON on input line 3874.
(/usr/local/texlive/2010/texmf-dist/tex/latex/url/url.sty
\Urlmuskip=\muskip10
Package: url 2006/04/12  ver 3.3  Verb mode for urls, etc.
)
LaTeX Info: Redefining \url on input line 4159.

(/usr/local/texlive/2010/texmf-dist/tex/generic/oberdiek/bitset.sty
Package: bitset 2007/09/28 v1.0 Data type bit set (HO)

(/usr/local/texlive/2010/texmf-dist/tex/generic/oberdiek/bigintcalc.sty
Package: bigintcalc 2007/11/11 v1.1 Expandable big integer calculations (HO)
))
\Fld@menulength=\count103
\Field@Width=\dimen111
\Fld@charsize=\dimen112
\Field@toks=\toks17
Package hyperref Info: Hyper figures OFF on input line 5137.
Package hyperref Info: Link nesting OFF on input line 5142.
Package hyperref Info: Hyper index ON on input line 5145.
Package hyperref Info: backreferencing OFF on input line 5152.
Package hyperref Info: Link coloring OFF on input line 5157.
Package hyperref Info: Link coloring with OCG OFF on input line 5162.
Package hyperref Info: PDF/A mode OFF on input line 5167.
LaTeX Info: Redefining \ref on input line 5207.
LaTeX Info: Redefining \pageref on input line 5211.

(/usr/local/texlive/2010/texmf-dist/tex/generic/oberdiek/atbegshi.sty
Package: atbegshi 2010/03/25 v1.12 At begin shipout hook (HO)
)
\Hy@abspage=\count104
\c@Item=\count105
\c@Hfootnote=\count106
)
* hyperref using default driver hpdftex *
(/usr/local/texlive/2010/texmf-dist/tex/latex/hyperref/hpdftex.def
File: hpdftex.def 2010/06/18 v6.81g Hyperref driver for pdfTeX

(/usr/local/texlive/2010/texmf-dist/tex/latex/oberdiek/atveryend.sty
Package: atveryend 2010/03/24 v1.5 Hooks at very end of document (HO)
Package atveryend Info: \enddocument detected (standard).
)
\Fld@listcount=\count107
\c@bookmark@seq@number=\count108

(/usr/local/texlive/2010/texmf-dist/tex/latex/oberdiek/rerunfilecheck.sty
Package: rerunfilecheck 2010/03/16 v1.6 Rerun checks for auxiliary files (HO)

(/usr/local/texlive/2010/texmf-dist/tex/generic/oberdiek/uniquecounter.sty
Package: uniquecounter 2009/12/18 v1.1 Provides unlimited unique counter (HO)
)
Package uniquecounter Info: New unique counter `rerunfilecheck' on input line 2
71.
)
\Hy@SectionHShift=\skip47
)
(/usr/local/texlive/2010/texmf-dist/tex/latex/caption/caption.sty
Package: caption 2010/01/09 v3.1m Customizing captions (AR)

(/usr/local/texlive/2010/texmf-dist/tex/latex/caption/caption3.sty
Package: caption3 2010/01/14 v3.1m caption3 kernel (AR)
\captionmargin=\dimen113
\captionmargin@=\dimen114
\captionwidth=\dimen115
\caption@indent=\dimen116
\caption@parindent=\dimen117
\caption@hangindent=\dimen118
)
\c@ContinuedFloat=\count109
Package caption Info: hyperref package is loaded.
Package caption Info: listings package is loaded.
Package caption Info: longtable package is loaded.

(/usr/local/texlive/2010/texmf-dist/tex/latex/caption/ltcaption.sty
Package: ltcaption 2008/03/28 v1.2 longtable captions (AR)
))
(/usr/local/texlive/2010/texmf-dist/tex/latex/graphics/color.sty
Package: color 2005/11/14 v1.0j Standard LaTeX Color (DPC)

(/usr/local/texlive/2010/texmf-dist/tex/latex/latexconfig/color.cfg
File: color.cfg 2007/01/18 v1.5 color configuration of teTeX/TeXLive
)
Package color Info: Driver file: pdftex.def on input line 130.
)
(/usr/local/texlive/2010/texmf-dist/tex/latex/pdfpages/pdfpages.sty
Package: pdfpages 2010/01/12 v0.4j Insert pages of external PDF documents (AM)

(/usr/local/texlive/2010/texmf-dist/tex/latex/base/ifthen.sty
Package: ifthen 2001/05/26 v1.1c Standard LaTeX ifthen package (DPC)
)
(/usr/local/texlive/2010/texmf-dist/tex/latex/tools/calc.sty
Package: calc 2007/08/22 v4.3 Infix arithmetic (KKT,FJ)
\calc@Acount=\count110
\calc@Bcount=\count111
\calc@Adimen=\dimen119
\calc@Bdimen=\dimen120
\calc@Askip=\skip48
\calc@Bskip=\skip49
LaTeX Info: Redefining \setlength on input line 76.
LaTeX Info: Redefining \addtolength on input line 77.
\calc@Ccount=\count112
\calc@Cskip=\skip50
)
(/usr/local/texlive/2010/texmf-dist/tex/latex/eso-pic/eso-pic.sty
Package: eso-pic 2010/06/08 v2.0b eso-pic (RN)
)
(/usr/local/texlive/2010/texmf-dist/tex/latex/pdfpages/pppdftex.def
File: pppdftex.def 2010/01/12 v0.4j Pdfpages driver for pdfTeX (AM)
)
\AM@pagebox=\box32
\AM@toc@title=\toks18
\c@AM@survey=\count113
\AM@templatesizebox=\box33
)
(./A10-report.aux)
\openout1 = `A10-report.aux'.

LaTeX Font Info:    Checking defaults for OML/cmm/m/it on input line 56.
LaTeX Font Info:    ... okay on input line 56.
LaTeX Font Info:    Checking defaults for T1/cmr/m/n on input line 56.
LaTeX Font Info:    ... okay on input line 56.
LaTeX Font Info:    Checking defaults for OT1/cmr/m/n on input line 56.
LaTeX Font Info:    ... okay on input line 56.
LaTeX Font Info:    Checking defaults for OMS/cmsy/m/n on input line 56.
LaTeX Font Info:    ... okay on input line 56.
LaTeX Font Info:    Checking defaults for OMX/cmex/m/n on input line 56.
LaTeX Font Info:    ... okay on input line 56.
LaTeX Font Info:    Checking defaults for U/cmr/m/n on input line 56.
LaTeX Font Info:    ... okay on input line 56.
LaTeX Font Info:    Checking defaults for PD1/pdf/m/n on input line 56.
LaTeX Font Info:    ... okay on input line 56.

(/usr/local/texlive/2010/texmf-dist/tex/context/base/supp-pdf.mkii
[Loading MPS to PDF converter (version 2006.09.02).]
\scratchcounter=\count114
\scratchdimen=\dimen121
\scratchbox=\box34
\nofMPsegments=\count115
\nofMParguments=\count116
\everyMPshowfont=\toks19
\MPscratchCnt=\count117
\MPscratchDim=\dimen122
\MPnumerator=\count118
\everyMPtoPDFconversion=\toks20
) (/usr/local/texlive/2010/texmf-dist/tex/latex/oberdiek/epstopdf-base.sty
Package: epstopdf-base 2010/02/09 v2.5 Base part for package epstopdf

(/usr/local/texlive/2010/texmf-dist/tex/latex/oberdiek/grfext.sty
Package: grfext 2007/09/30 v1.0 Managing graphics extensions (HO)
)
Package grfext Info: Graphics extension search list:
(grfext)             [.png,.pdf,.jpg,.mps,.jpeg,.jbig2,.jb2,.PNG,.PDF,.JPG,.JPE
G,.JBIG2,.JB2,.eps]
(grfext)             \AppendGraphicsExtensions on input line 436.

(/usr/local/texlive/2010/texmf-dist/tex/latex/latexconfig/epstopdf-sys.cfg
File: epstopdf-sys.cfg 2010/07/13 v1.3 Configuration of (r)epstopdf for TeX Liv
e
))
\c@lstlisting=\count119
\AtBeginShipoutBox=\box35
Package hyperref Info: Link coloring OFF on input line 56.

(/usr/local/texlive/2010/texmf-dist/tex/latex/hyperref/nameref.sty
Package: nameref 2010/04/30 v2.40 Cross-referencing by name of section

(/usr/local/texlive/2010/texmf-dist/tex/latex/oberdiek/refcount.sty
Package: refcount 2008/08/11 v3.1 Data extraction from references (HO)
)
(/usr/local/texlive/2010/texmf-dist/tex/generic/oberdiek/gettitlestring.sty
Package: gettitlestring 2009/12/18 v1.3 Cleanup title references (HO)
)
\c@section@level=\count120
)
LaTeX Info: Redefining \ref on input line 56.
LaTeX Info: Redefining \pageref on input line 56.
LaTeX Info: Redefining \nameref on input line 56.

(./A10-report.out) (./A10-report.out)
\@outlinefile=\write3
\openout3 = `A10-report.out'.

Package caption Info: Begin \AtBeginDocument code.
Package caption Info: End \AtBeginDocument code.
LaTeX Font Info:    External font `cmex10' loaded for size
(Font)              <14.4> on input line 66.
LaTeX Font Info:    External font `cmex10' loaded for size
(Font)              <7> on input line 66.
 [1

{/usr/local/texlive/2010/texmf-var/fonts/map/pdftex/updmap/pdftex.map}] (./A10-
report.toc
LaTeX Font Info:    External font `cmex10' loaded for size
(Font)              <12> on input line 2.
LaTeX Font Info:    External font `cmex10' loaded for size
(Font)              <8> on input line 2.
LaTeX Font Info:    External font `cmex10' loaded for size
(Font)              <6> on input line 2.
)
\tf@toc=\write4
\openout4 = `A10-report.toc'.

pdfTeX warning (ext4): destination with the same identifier (name{page.1}) has 
been already used, duplicate ignored
<to be read again> 
                   \relax 
l.72 \newpage
              [1] [2] [3] (../Q2/docclass.py
LaTeX Font Info:    Try loading font information for OMS+cmr on input line 6.

(/usr/local/texlive/2010/texmf-dist/tex/latex/base/omscmr.fd
File: omscmr.fd 1999/05/25 v2.5h Standard LaTeX font definitions
)
LaTeX Font Info:    Font shape `OMS/cmr/m/n' in size <10> not available
(Font)              Font shape `OMS/cmsy/m/n' tried instead on input line 6.
LaTeX Font Info:    External font `cmex10' loaded for size
(Font)              <5> on input line 8.
LaTeX Font Info:    Try loading font information for OML+cmr on input line 10.

(/usr/local/texlive/2010/texmf-dist/tex/latex/base/omlcmr.fd
File: omlcmr.fd 1999/05/25 v2.5h Standard LaTeX font definitions
)
LaTeX Font Info:    Font shape `OML/cmr/m/n' in size <10> not available
(Font)              Font shape `OML/cmm/m/it' tried instead on input line 10.
 [4] [5] [6])
[7] (/usr/local/texlive/2010/texmf-dist/tex/latex/listings/lstlang1.sty
File: lstlang1.sty 2004/09/05 1.3 listings language file
)
(../Q2/feedfilter.py [8]) [9] (../Q2/entries.py) [10]
Missing character: There is no ‚ in font cmr12!
Missing character: There is no Ä in font cmr12!
Missing character: There is no ô in font cmr12!
Missing character: There is no ‚ in font cmr12!
Missing character: There is no Ä in font cmr12!
Missing character: There is no ô in font cmr12!
Missing character: There is no ‚ in font cmr12!
Missing character: There is no Ä in font cmr12!
Missing character: There is no ô in font cmr12!
Missing character: There is no ‚ in font cmr12!
Missing character: There is no Ä in font cmr12!
Missing character: There is no ô in font cmr12!
Missing character: There is no ‚ in font cmr12!
Missing character: There is no Ä in font cmr12!
Missing character: There is no ô in font cmr12!
Missing character: There is no ‚ in font cmr12!
Missing character: There is no Ä in font cmr12!
Missing character: There is no ô in font cmr12!
Missing character: There is no ‚ in font cmr12!
Missing character: There is no Ä in font cmr12!
Missing character: There is no ô in font cmr12!
Missing character: There is no ‚ in font cmr12!
Missing character: There is no Ä in font cmr12!
Missing character: There is no ô in font cmr12!
Missing character: There is no ‚ in font cmr12!
Missing character: There is no Ä in font cmr12!
Missing character: There is no ô in font cmr12!
Missing character: There is no ‚ in font cmr12!
Missing character: There is no Ä in font cmr12!
Missing character: There is no ô in font cmr12!

Underfull \hbox (badness 10000) in paragraph at lines 176--176
[]|\OT1/cmr/m/n/12 And: FUD-
 []

Missing character: There is no ‚ in font cmr12!
Missing character: There is no Ä in font cmr12!
Missing character: There is no ô in font cmr12!
Missing character: There is no ‚ in font cmr12!
Missing character: There is no Ä in font cmr12!
Missing character: There is no ô in font cmr12!
Missing character: There is no ‚ in font cmr12!
Missing character: There is no Ä in font cmr12!
Missing character: There is no ô in font cmr12!
Missing character: There is no ‚ in font cmr12!
Missing character: There is no Ä in font cmr12!
Missing character: There is no ô in font cmr12!
Missing character: There is no ‚ in font cmr12!
Missing character: There is no Ä in font cmr12!
Missing character: There is no ô in font cmr12!
Missing character: There is no ‚ in font cmr12!
Missing character: There is no Ä in font cmr12!
Missing character: There is no ô in font cmr12!
Missing character: There is no ‚ in font cmr12!
Missing character: There is no Ä in font cmr12!
Missing character: There is no ô in font cmr12!

Overfull \hbox (3.22433pt too wide) in alignment at lines 158--195
 [] [] [] 
 []


Underfull \vbox (badness 10000) detected at line 195
 []

Missing character: There is no ‚ in font cmr12!
Missing character: There is no Ä in font cmr12!
Missing character: There is no ô in font cmr12!
Missing character: There is no ‚ in font cmr12!
Missing character: There is no Ä in font cmr12!
Missing character: There is no ô in font cmr12!
Missing character: There is no ‚ in font cmr12!
Missing character: There is no Ä in font cmr12!
Missing character: There is no ô in font cmr12!
Missing character: There is no ‚ in font cmr12!
Missing character: There is no Ä in font cmr12!
Missing character: There is no ô in font cmr12!

Underfull \hbox (badness 10000) in paragraph at lines 203--203
[]|\OT1/cmr/m/n/12 Book tour,
 []


Underfull \hbox (badness 10000) in paragraph at lines 203--203
\OT1/cmr/m/n/12 house-keep-ing,
 []


Underfull \hbox (badness 10000) in paragraph at lines 203--203
\OT1/cmr/m/n/12 and you will
 []


Underfull \hbox (badness 1990) in paragraph at lines 203--203
\OT1/cmr/m/n/12 now have Hole
 []


Underfull \hbox (badness 3954) in paragraph at lines 203--203
\OT1/cmr/m/n/12 songs stuck in
 []

Missing character: There is no ‚ in font cmr12!
Missing character: There is no Ä in font cmr12!
Missing character: There is no ô in font cmr12!

Underfull \hbox (badness 6125) in paragraph at lines 211--211
[]|\OT1/cmr/m/n/12 Always to ac-
 []

Missing character: There is no ‚ in font cmr12!
Missing character: There is no Ä in font cmr12!
Missing character: There is no ô in font cmr12!

Underfull \hbox (badness 10000) in paragraph at lines 213--213
[]|\OT1/cmr/m/n/12 Book up-date,
 []

Missing character: There is no ‚ in font cmr12!
Missing character: There is no Ä in font cmr12!
Missing character: There is no ô in font cmr12!
Missing character: There is no ‚ in font cmr12!
Missing character: There is no Ä in font cmr12!
Missing character: There is no ô in font cmr12!

Underfull \hbox (badness 2376) in paragraph at lines 214--214
[]|\OT1/cmr/m/n/12 The right but-
 []

Missing character: There is no ‚ in font cmr12!
Missing character: There is no Ä in font cmr12!
Missing character: There is no ô in font cmr12!
Missing character: There is no ‚ in font cmr12!
Missing character: There is no Ä in font cmr12!
Missing character: There is no ô in font cmr12!

Underfull \hbox (badness 1783) in paragraph at lines 218--218
[]|\OT1/cmr/m/n/12 A good per-son
 []

Missing character: There is no ‚ in font cmr12!
Missing character: There is no Ä in font cmr12!
Missing character: There is no ô in font cmr12!
Missing character: There is no ‚ in font cmr12!
Missing character: There is no Ä in font cmr12!
Missing character: There is no ô in font cmr12!
Missing character: There is no ‚ in font cmr12!
Missing character: There is no Ä in font cmr12!
Missing character: There is no ô in font cmr12!

Underfull \hbox (badness 10000) in paragraph at lines 229--229
[]|\OT1/cmr/m/n/12 The days are
 []


Underfull \hbox (badness 3302) in paragraph at lines 233--233
[]|\OT1/cmr/m/n/12 Over and over
 []

Missing character: There is no ‚ in font cmr12!
Missing character: There is no Ä in font cmr12!
Missing character: There is no ô in font cmr12!

Overfull \hbox (3.22433pt too wide) in alignment at lines 195--233
 [] [] [] 
 []

[11]
Missing character: There is no ‚ in font cmr12!
Missing character: There is no Ä in font cmr12!
Missing character: There is no ô in font cmr12!
Missing character: There is no ‚ in font cmr12!
Missing character: There is no Ä in font cmr12!
Missing character: There is no ô in font cmr12!
Missing character: There is no ‚ in font cmr12!
Missing character: There is no Ä in font cmr12!
Missing character: There is no ô in font cmr12!
Missing character: There is no ‚ in font cmr12!
Missing character: There is no Ä in font cmr12!
Missing character: There is no ú in font cmr12!
Missing character: There is no ‚ in font cmr12!
Missing character: There is no Ä in font cmr12!
Missing character: There is no ù in font cmr12!
Missing character: There is no ‚ in font cmr12!
Missing character: There is no Ä in font cmr12!
Missing character: There is no ô in font cmr12!
Missing character: There is no ‚ in font cmr12!
Missing character: There is no Ä in font cmr12!
Missing character: There is no ô in font cmr12!
Missing character: There is no ‚ in font cmr12!
Missing character: There is no Ä in font cmr12!
Missing character: There is no ô in font cmr12!
Missing character: There is no ‚ in font cmr12!
Missing character: There is no Ä in font cmr12!
Missing character: There is no ô in font cmr12!
Missing character: There is no ‚ in font cmr12!
Missing character: There is no Ä in font cmr12!
Missing character: There is no ô in font cmr12!
Missing character: There is no ‚ in font cmr12!
Missing character: There is no Ä in font cmr12!
Missing character: There is no ô in font cmr12!

Overfull \hbox (3.22433pt too wide) in alignment at lines 233--253
 [] [] [] 
 []

[12] [13] [14]
Overfull \hbox (15.31116pt too wide) in paragraph at lines 257--257
[]|\OT1/cmr/bx/n/12 cprob()| 
 []


Overfull \hbox (9.70561pt too wide) in paragraph at lines 257--257
[]|\OT1/cmr/bx/n/12 type(gram)| 
 []

Missing character: There is no ‚ in font cmr12!
Missing character: There is no Ä in font cmr12!
Missing character: There is no ô in font cmr12!
Missing character: There is no ‚ in font cmr12!
Missing character: There is no Ä in font cmr12!
Missing character: There is no ô in font cmr12!

Underfull \hbox (badness 10000) in paragraph at lines 260--260
\OT1/cmr/m/n/12 spoke, Ive re-vised the
 []


Underfull \hbox (badness 4634) in paragraph at lines 260--260
\OT1/cmr/m/n/12 manuscript for my next
 []


Underfull \hbox (badness 10000) in paragraph at lines 260--260
\OT1/cmr/m/n/12 with my five-month-old
 []


Underfull \hbox (badness 1097) in paragraph at lines 260--260
\OT1/cmr/m/n/12 on the other side of the
 []


Underfull \hbox (badness 10000) in paragraph at lines 260--260
[]|\OT1/cmr/m/n/12 five-
 []


Underfull \hbox (badness 10000) in paragraph at lines 262--262
[]|\OT1/cmr/m/n/12 A small
 []


Underfull \hbox (badness 1460) in paragraph at lines 262--262
\OT1/cmr/m/n/12 fore I say an-other word,
 []


Underfull \hbox (badness 1009) in paragraph at lines 262--262
\OT1/cmr/m/n/12 I want to thank you for
 []


Underfull \hbox (badness 1527) in paragraph at lines 262--262
\OT1/cmr/m/n/12 dimensional pa-per card -
 []


Underfull \hbox (badness 3343) in paragraph at lines 262--262
[]|\OT1/cmr/m/n/12 good peo-
 []

Missing character: There is no ‚ in font cmr12!
Missing character: There is no Ä in font cmr12!
Missing character: There is no ô in font cmr12!
Missing character: There is no ‚ in font cmr12!
Missing character: There is no Ä in font cmr12!
Missing character: There is no ô in font cmr12!

Underfull \hbox (badness 10000) in paragraph at lines 266--266
[]|\OT1/cmr/m/n/12 esoteric
 []

Missing character: There is no ‚ in font cmr12!
Missing character: There is no Ä in font cmr12!
Missing character: There is no ô in font cmr12!
Missing character: There is no √ in font cmr12!
Missing character: There is no § in font cmr12!
Missing character: There is no ‚ in font cmr12!
Missing character: There is no Ä in font cmr12!
Missing character: There is no ô in font cmr12!
Missing character: There is no ‚ in font cmr12!
Missing character: There is no Ä in font cmr12!
Missing character: There is no ô in font cmr12!

Underfull \hbox (badness 1264) in paragraph at lines 272--272
[]|\OT1/cmr/m/n/12 I am very happy to an-
 []


Underfull \hbox (badness 1107) in paragraph at lines 274--274
\OT1/cmr/m/n/12 mean, I man-aged to not
 []


Underfull \hbox (badness 1389) in paragraph at lines 274--274
\OT1/cmr/m/n/12 im-me-di-ately fol-low-ing the
 []


Overfull \hbox (6.0869pt too wide) in paragraph at lines 274--274
[]|\OT1/cmr/m/n/12 immediately| 
 []

Missing character: There is no ‚ in font cmr12!
Missing character: There is no Ä in font cmr12!
Missing character: There is no ô in font cmr12!

Underfull \hbox (badness 2644) in paragraph at lines 276--276
\OT1/cmr/m/n/12 ber of con-cerned e-mails
 []


Underfull \hbox (badness 1874) in paragraph at lines 276--276
\OT1/cmr/m/n/12 quiet around here meant
 []


Underfull \hbox (badness 10000) in paragraph at lines 276--276
[]|\OT1/cmr/m/n/12 finished
 []


Underfull \hbox (badness 10000) in paragraph at lines 280--280
[]|\OT1/cmr/m/n/12 smooth
 []


Underfull \hbox (badness 10000) in paragraph at lines 282--282
[]|\OT1/cmr/m/n/12 She felt
 []


Underfull \hbox (badness 1668) in paragraph at lines 282--282
\OT1/cmr/m/n/12 like cheer-
 []


Underfull \hbox (badness 2856) in paragraph at lines 284--284
[]|\OT1/cmr/m/n/12 You know
 []


Underfull \hbox (badness 10000) in paragraph at lines 286--286
[]|\OT1/cmr/m/n/12 No such
 []

Missing character: There is no ‚ in font cmr12!
Missing character: There is no Ä in font cmr12!
Missing character: There is no ô in font cmr12!

Underfull \hbox (badness 1742) in paragraph at lines 286--286
\OT1/cmr/m/n/12 lately. The reader who
 []


Underfull \hbox (badness 1968) in paragraph at lines 286--286
\OT1/cmr/m/n/12 and there are a num-ber
 []


Underfull \hbox (badness 1953) in paragraph at lines 286--286
\OT1/cmr/m/n/12 ladies are told to avoid,
 []


Underfull \hbox (badness 10000) in paragraph at lines 286--286
[]|\OT1/cmr/m/n/12 lunch
 []


Underfull \hbox (badness 10000) in paragraph at lines 288--288
[]|\OT1/cmr/m/n/12 The first
 []

Missing character: There is no ‚ in font cmr12!
Missing character: There is no Ä in font cmr12!
Missing character: There is no ô in font cmr12!
Missing character: There is no ‚ in font cmr12!
Missing character: There is no Ä in font cmr12!
Missing character: There is no ô in font cmr12!

Underfull \hbox (badness 10000) in paragraph at lines 290--290
[]|\OT1/cmr/m/n/12 The best
 []


Underfull \hbox (badness 10000) in paragraph at lines 290--290
[]|\OT1/cmr/m/n/12 crumble
 []

Missing character: There is no ‚ in font cmr12!
Missing character: There is no Ä in font cmr12!
Missing character: There is no ô in font cmr12!
Missing character: There is no ‚ in font cmr12!
Missing character: There is no Ä in font cmr12!
Missing character: There is no ô in font cmr12!

Underfull \hbox (badness 10000) in paragraph at lines 294--294
[]|\OT1/cmr/m/n/12 September
 []

Missing character: There is no ‚ in font cmr12!
Missing character: There is no Ä in font cmr12!
Missing character: There is no ô in font cmr12!
Missing character: There is no ‚ in font cmr12!
Missing character: There is no Ä in font cmr12!
Missing character: There is no ô in font cmr12!

Underfull \hbox (badness 10000) in paragraph at lines 294--294
[]|\OT1/cmr/m/n/12 sitting in
 []


Overfull \hbox (8.54517pt too wide) in alignment at lines 256--294
 [] [] [] [] [] [] [] 
 []


Underfull \vbox (badness 10000) detected at line 294
 []


Underfull \hbox (badness 10000) in paragraph at lines 297--297
[]|\OT1/cmr/m/n/12 Dear
 []

Missing character: There is no ‚ in font cmr12!
Missing character: There is no Ä in font cmr12!
Missing character: There is no ô in font cmr12!

Underfull \hbox (badness 1859) in paragraph at lines 297--297
\OT1/cmr/m/n/12 din-ing room.When I was
 []


Underfull \hbox (badness 1033) in paragraph at lines 297--297
\OT1/cmr/m/n/12 here last Au-gust, writ-ing
 []


Underfull \hbox (badness 1675) in paragraph at lines 297--297
\OT1/cmr/m/n/12 my brains out, I had a
 []


Underfull \hbox (badness 10000) in paragraph at lines 301--301
[]|\OT1/cmr/m/n/12 You can
 []


Underfull \hbox (badness 10000) in paragraph at lines 301--301
\OT1/cmr/m/n/12 count on
 []


Underfull \hbox (badness 4048) in paragraph at lines 301--301
\OT1/cmr/m/n/12 around my en-tire up-per
 []


Underfull \hbox (badness 10000) in paragraph at lines 303--303
[]|\OT1/cmr/m/n/12 December
 []


Underfull \hbox (badness 10000) in paragraph at lines 305--305
[]|\OT1/cmr/m/n/12 In my
 []


Underfull \hbox (badness 10000) in paragraph at lines 305--305
\OT1/cmr/m/n/12 bet-ter
 []

Missing character: There is no ‚ in font cmr12!
Missing character: There is no Ä in font cmr12!
Missing character: There is no ô in font cmr12!

Underfull \hbox (badness 10000) in paragraph at lines 305--305
[]|\OT1/cmr/m/n/12 three
 []


Underfull \hbox (badness 3281) in paragraph at lines 306--306
\OT1/cmr/m/n/12 one who makes poached
 []


Underfull \hbox (badness 10000) in paragraph at lines 306--306
[]|\OT1/cmr/m/n/12 poached
 []

Missing character: There is no ‚ in font cmr12!
Missing character: There is no Ä in font cmr12!
Missing character: There is no ô in font cmr12!
Missing character: There is no ‚ in font cmr12!
Missing character: There is no Ä in font cmr12!
Missing character: There is no ô in font cmr12!
Missing character: There is no ‚ in font cmr12!
Missing character: There is no Ä in font cmr12!
Missing character: There is no ô in font cmr12!
Missing character: There is no ‚ in font cmr12!
Missing character: There is no Ä in font cmr12!
Missing character: There is no ô in font cmr12!

Underfull \hbox (badness 1616) in paragraph at lines 314--314
[]|\OT1/cmr/m/n/12 My fa-vorite church is in
 []


Underfull \hbox (badness 10000) in paragraph at lines 318--318
[]|\OT1/cmr/m/n/12 October
 []


Underfull \hbox (badness 1845) in paragraph at lines 318--318
[]|\OT1/cmr/m/n/12 I love the mis-takes that
 []


Underfull \hbox (badness 1442) in paragraph at lines 318--318
\OT1/cmr/m/n/12 I like the mis-takes more
 []

Missing character: There is no ‚ in font cmr12!
Missing character: There is no Ä in font cmr12!
Missing character: There is no ô in font cmr12!
Missing character: There is no ‚ in font cmr12!
Missing character: There is no Ä in font cmr12!
Missing character: There is no ô in font cmr12!

Underfull \hbox (badness 10000) in paragraph at lines 324--324
[]|\OT1/cmr/m/n/12 You're
 []


Underfull \hbox (badness 2573) in paragraph at lines 324--324
\OT1/cmr/m/n/12 lucky, she
 []


Underfull \hbox (badness 1331) in paragraph at lines 324--324
\OT1/cmr/m/n/12 out-side our apart-ment in
 []


Underfull \hbox (badness 10000) in paragraph at lines 326--326
[]|\OT1/cmr/m/n/12 Paris
 []

Missing character: There is no ‚ in font cmr12!
Missing character: There is no Ä in font cmr12!
Missing character: There is no ô in font cmr12!

Underfull \hbox (badness 10000) in paragraph at lines 328--328
[]|\OT1/cmr/m/n/12 planning
 []


Underfull \hbox (badness 10000) in paragraph at lines 330--330
[]|\OT1/cmr/m/n/12 No frost-
 []


Underfull \hbox (badness 10000) in paragraph at lines 330--330
\OT1/cmr/m/n/12 ing, no
 []


Underfull \hbox (badness 10000) in paragraph at lines 330--330
[]|\OT1/cmr/m/n/12 window
 []


Underfull \hbox (badness 10000) in paragraph at lines 332--332
[]|\OT1/cmr/m/n/12 Not a
 []


Underfull \hbox (badness 10000) in paragraph at lines 332--332
\OT1/cmr/m/n/12 tomato
 []

Missing character: There is no ‚ in font cmr12!
Missing character: There is no Ä in font cmr12!
Missing character: There is no ô in font cmr12!

Overfull \hbox (8.54517pt too wide) in alignment at lines 294--334
 [] [] [] [] [] [] [] 
 []

[15] [16]
Underfull \hbox (badness 10000) in paragraph at lines 336--336
[]|\OT1/cmr/m/n/12 A real
 []

Missing character: There is no ‚ in font cmr12!
Missing character: There is no Ä in font cmr12!
Missing character: There is no ô in font cmr12!

Underfull \hbox (badness 10000) in paragraph at lines 338--338
[]|\OT1/cmr/m/n/12 surprises
 []

Missing character: There is no ‚ in font cmr12!
Missing character: There is no Ä in font cmr12!
Missing character: There is no ô in font cmr12!
Missing character: There is no ‚ in font cmr12!
Missing character: There is no Ä in font cmr12!
Missing character: There is no ô in font cmr12!

Overfull \hbox (4.1858pt too wide) in paragraph at lines 340--340
[]|\OT1/cmr/m/n/12 0.3459| 
 []


Underfull \hbox (badness 2856) in paragraph at lines 342--342
[]|\OT1/cmr/m/n/12 You don't
 []


Overfull \hbox (5.2383pt too wide) in paragraph at lines 342--342
[]|\OT1/cmr/m/n/12 strawberries| 
 []


Underfull \hbox (badness 10000) in paragraph at lines 344--344
[]|\OT1/cmr/m/n/12 I wish
 []


Underfull \hbox (badness 10000) in paragraph at lines 344--344
\OT1/cmr/m/n/12 them a
 []

Missing character: There is no ‚ in font cmr12!
Missing character: There is no Ä in font cmr12!
Missing character: There is no ô in font cmr12!

Underfull \hbox (badness 4492) in paragraph at lines 346--346
\OT1/cmr/m/n/12 about the
 []


Underfull \hbox (badness 2443) in paragraph at lines 346--346
[]|\OT1/cmr/m/n/12 I woke up this morn-ing
 []


Underfull \hbox (badness 1253) in paragraph at lines 348--348
[]|\OT1/cmr/m/n/12 This one's
 []


Underfull \hbox (badness 10000) in paragraph at lines 348--348
\OT1/cmr/m/n/12 com-ing
 []


Underfull \hbox (badness 10000) in paragraph at lines 348--348
[]|\OT1/cmr/m/n/12 coming
 []


Underfull \hbox (badness 10000) in paragraph at lines 352--352
[]|\OT1/cmr/m/n/12 Your
 []


Underfull \hbox (badness 10000) in paragraph at lines 352--352
\OT1/cmr/m/n/12 ef-forts
 []


Underfull \hbox (badness 10000) in paragraph at lines 352--352
\OT1/cmr/m/n/12 will be
 []

Missing character: There is no ‚ in font cmr12!
Missing character: There is no Ä in font cmr12!
Missing character: There is no ô in font cmr12!

Underfull \hbox (badness 10000) in paragraph at lines 352--352
[]|\OT1/cmr/m/n/12 holiday
 []


Underfull \hbox (badness 10000) in paragraph at lines 354--354
[]|\OT1/cmr/m/n/12 We have
 []


Underfull \hbox (badness 10000) in paragraph at lines 354--354
\OT1/cmr/m/n/12 some
 []


Overfull \hbox (8.54517pt too wide) in alignment at lines 334--359
 [] [] [] [] [] [] [] 
 []

[17] [18] [19] [20]
Overfull \hbox (33.10278pt too wide) in paragraph at lines 377--377
[]\OT1/cmtt/m/n/12 http://en.wikipedia.org/wiki/Precision_and_recall#Definition
_.28classification_context.29[] 
 []

[21]
LaTeX Font Info:    External font `cmex10' loaded for size
(Font)              <10.95> on input line 391.
 [22] (./A10-report.bbl) [23]
Package atveryend Info: Empty hook `BeforeClearDocument' on input line 413.
Package atveryend Info: Empty hook `AfterLastShipout' on input line 413.
 (./A10-report.aux)
Package atveryend Info: Executing hook `AtVeryEndDocument' on input line 413.
Package rerunfilecheck Info: File `A10-report.out' has not changed.
(rerunfilecheck)             Checksum: EBAC55BC23300811D0FA2A5EC11376FF;581.
 ) 
Here is how much of TeX's memory you used:
 8131 strings out of 493747
 125177 string characters out of 3143546
 580265 words of memory out of 3000000
 10952 multiletter control sequences out of 15000+200000
 10548 words of font info for 37 fonts, out of 3000000 for 9000
 714 hyphenation exceptions out of 8191
 36i,10n,45p,469b,1750s stack positions out of 5000i,500n,10000p,200000b,50000s
</usr/local/texlive/2010/texmf-dist/fonts/type1/public/amsfonts/cm/cmbx10.pfb
></usr/local/texlive/2010/texmf-dist/fonts/type1/public/amsfonts/cm/cmbx12.pfb>
</usr/local/texlive/2010/texmf-dist/fonts/type1/public/amsfonts/cm/cmmi10.pfb><
/usr/local/texlive/2010/texmf-dist/fonts/type1/public/amsfonts/cm/cmr10.pfb></u
sr/local/texlive/2010/texmf-dist/fonts/type1/public/amsfonts/cm/cmr12.pfb></usr
/local/texlive/2010/texmf-dist/fonts/type1/public/amsfonts/cm/cmr17.pfb></usr/l
ocal/texlive/2010/texmf-dist/fonts/type1/public/amsfonts/cm/cmr6.pfb></usr/loca
l/texlive/2010/texmf-dist/fonts/type1/public/amsfonts/cm/cmsy10.pfb></usr/local
/texlive/2010/texmf-dist/fonts/type1/public/amsfonts/cm/cmti12.pfb></usr/local/
texlive/2010/texmf-dist/fonts/type1/public/amsfonts/cm/cmtt12.pfb>
Output written on A10-report.pdf (24 pages, 187621 bytes).
PDF statistics:
 579 PDF objects out of 1000 (max. 8388607)
 537 compressed objects within 6 object streams
 340 named destinations out of 1000 (max. 500000)
 81 words of extra memory for PDF output out of 10000 (max. 10000000)

