\BOOKMARK [1][-]{section.1}{Question 1: Twitter Friendship Paradox}{}% 1
\BOOKMARK [2][-]{subsection.1.1}{Approach}{section.1}% 2
\BOOKMARK [2][-]{subsection.1.2}{Description of searchfriends.py}{section.1}% 3
\BOOKMARK [2][-]{subsection.1.3}{Description of sortFriends.py}{section.1}% 4
\BOOKMARK [2][-]{subsection.1.4}{Source Code}{section.1}% 5
\BOOKMARK [3][-]{subsubsection.1.4.1}{searchFriends.py}{subsection.1.4}% 6
\BOOKMARK [3][-]{subsubsection.1.4.2}{sortingCommand.txt}{subsection.1.4}% 7
\BOOKMARK [3][-]{subsubsection.1.4.3}{sortFriends.py}{subsection.1.4}% 8
\BOOKMARK [2][-]{subsection.1.5}{Input}{section.1}% 9
\BOOKMARK [2][-]{subsection.1.6}{Output Files}{section.1}% 10
\BOOKMARK [3][-]{subsubsection.1.6.1}{friendsCount.txt}{subsection.1.6}% 11
\BOOKMARK [3][-]{subsubsection.1.6.2}{friendsCount.txt.sort}{subsection.1.6}% 12
\BOOKMARK [3][-]{subsubsection.1.6.3}{finalSorted.txt}{subsection.1.6}% 13
\BOOKMARK [3][-]{subsubsection.1.6.4}{numberNameCount.txt}{subsection.1.6}% 14
\BOOKMARK [2][-]{subsection.1.7}{Scatterplot}{section.1}% 15
\BOOKMARK [3][-]{subsubsection.1.7.1}{Code to generate the Scatterplot scatterCommands.txt}{subsection.1.7}% 16
\BOOKMARK [3][-]{subsubsection.1.7.2}{Description of graph}{subsection.1.7}% 17
\BOOKMARK [2][-]{subsection.1.8}{Calculations}{section.1}% 18
\BOOKMARK [3][-]{subsubsection.1.8.1}{Executed the following commands}{subsection.1.8}% 19
\BOOKMARK [3][-]{subsubsection.1.8.2}{Results}{subsection.1.8}% 20
\BOOKMARK [1][-]{section.2}{Question 2: Facebook Friendship Paradox}{}% 21
\BOOKMARK [2][-]{subsection.2.1}{Approach}{section.2}% 22
\BOOKMARK [2][-]{subsection.2.2}{Source Code}{section.2}% 23
\BOOKMARK [3][-]{subsubsection.2.2.1}{searchFriends.py}{subsection.2.2}% 24
\BOOKMARK [3][-]{subsubsection.2.2.2}{sortingCommand.txt}{subsection.2.2}% 25
\BOOKMARK [3][-]{subsubsection.2.2.3}{sortFriends.py}{subsection.2.2}% 26
\BOOKMARK [2][-]{subsection.2.3}{Input}{section.2}% 27
\BOOKMARK [2][-]{subsection.2.4}{Output Files}{section.2}% 28
\BOOKMARK [3][-]{subsubsection.2.4.1}{facebookFriendFriendsCountTuples.txt}{subsection.2.4}% 29
\BOOKMARK [3][-]{subsubsection.2.4.2}{sortFacebook.txt}{subsection.2.4}% 30
\BOOKMARK [3][-]{subsubsection.2.4.3}{finalSortedFacebook.txt}{subsection.2.4}% 31
\BOOKMARK [3][-]{subsubsection.2.4.4}{numberNameCountFb.txt}{subsection.2.4}% 32
\BOOKMARK [2][-]{subsection.2.5}{Scatterplot}{section.2}% 33
\BOOKMARK [3][-]{subsubsection.2.5.1}{Code to generate the Scatterplot scatterCommands.txt}{subsection.2.5}% 34
\BOOKMARK [3][-]{subsubsection.2.5.2}{Description of graph}{subsection.2.5}% 35
\BOOKMARK [2][-]{subsection.2.6}{Calculations}{section.2}% 36
\BOOKMARK [3][-]{subsubsection.2.6.1}{Executed the following commands}{subsection.2.6}% 37
\BOOKMARK [3][-]{subsubsection.2.6.2}{Results}{subsection.2.6}% 38
