\BOOKMARK [1][-]{section.1}{Question 1: Karate group split into 2 groups}{}% 1
\BOOKMARK [2][-]{subsection.1.1}{Approach}{section.1}% 2
\BOOKMARK [2][-]{subsection.1.2}{Description of karateClubGraph.py}{section.1}% 3
\BOOKMARK [2][-]{subsection.1.3}{Source Code}{section.1}% 4
\BOOKMARK [3][-]{subsubsection.1.3.1}{karateClubGraph.py}{subsection.1.3}% 5
\BOOKMARK [2][-]{subsection.1.4}{Input}{section.1}% 6
\BOOKMARK [3][-]{subsubsection.1.4.1}{karate.GraphML}{subsection.1.4}% 7
\BOOKMARK [2][-]{subsection.1.5}{Output Files}{section.1}% 8
\BOOKMARK [3][-]{subsubsection.1.5.1}{Intial Graph}{subsection.1.5}% 9
\BOOKMARK [2][-]{subsection.1.6}{Graphs after the split}{section.1}% 10
\BOOKMARK [3][-]{subsubsection.1.6.1}{Graph split Reality}{subsection.1.6}% 11
\BOOKMARK [3][-]{subsubsection.1.6.2}{Predicted graph after split}{subsection.1.6}% 12
\BOOKMARK [1][-]{section.2}{Question 2: Karate group split into 3, 4, and 5}{}% 13
\BOOKMARK [2][-]{subsection.2.1}{Approach}{section.2}% 14
\BOOKMARK [2][-]{subsection.2.2}{Source Code}{section.2}% 15
\BOOKMARK [3][-]{subsubsection.2.2.1}{karateClubGraphSplit.py}{subsection.2.2}% 16
\BOOKMARK [2][-]{subsection.2.3}{Input}{section.2}% 17
\BOOKMARK [3][-]{subsubsection.2.3.1}{karate.GraphML}{subsection.2.3}% 18
\BOOKMARK [2][-]{subsection.2.4}{Output Files}{section.2}% 19
\BOOKMARK [3][-]{subsubsection.2.4.1}{Intial-graph}{subsection.2.4}% 20
\BOOKMARK [3][-]{subsubsection.2.4.2}{Graph after the split}{subsection.2.4}% 21
\BOOKMARK [1][-]{section.3}{Conclusions}{}% 22
