\BOOKMARK [1][-]{section.1}{Question 1:}{}% 1
\BOOKMARK [2][-]{subsection.1.1}{Approach}{section.1}% 2
\BOOKMARK [2][-]{subsection.1.2}{Source Code}{section.1}% 3
\BOOKMARK [3][-]{subsubsection.1.2.1}{extractLinks.sh}{subsection.1.2}% 4
\BOOKMARK [3][-]{subsubsection.1.2.2}{makingAtoms.py}{subsection.1.2}% 5
\BOOKMARK [3][-]{subsubsection.1.2.3}{generatefeedvector.py}{subsection.1.2}% 6
\BOOKMARK [3][-]{subsubsection.1.2.4}{pagesEachBlog.py}{subsection.1.2}% 7
\BOOKMARK [2][-]{subsection.1.3}{Output Files}{section.1}% 8
\BOOKMARK [1][-]{section.2}{Question 2:}{}% 9
\BOOKMARK [2][-]{subsection.2.1}{Approach}{section.2}% 10
\BOOKMARK [2][-]{subsection.2.2}{Source Code}{section.2}% 11
\BOOKMARK [3][-]{subsubsection.2.2.1}{generateAscii.py}{subsection.2.2}% 12
\BOOKMARK [3][-]{subsubsection.2.2.2}{clusters.py}{subsection.2.2}% 13
\BOOKMARK [2][-]{subsection.2.3}{Output Files}{section.2}% 14
\BOOKMARK [3][-]{subsubsection.2.3.1}{blogclust.jpg}{subsection.2.3}% 15
\BOOKMARK [1][-]{section.3}{Question 3:}{}% 16
\BOOKMARK [2][-]{subsection.3.1}{Approach}{section.3}% 17
\BOOKMARK [2][-]{subsection.3.2}{Source Code}{section.3}% 18
\BOOKMARK [3][-]{subsubsection.3.2.1}{calculateK-mean.py}{subsection.3.2}% 19
\BOOKMARK [2][-]{subsection.3.3}{Output Files}{section.3}% 20
\BOOKMARK [3][-]{subsubsection.3.3.1}{output.png}{subsection.3.3}% 21
\BOOKMARK [1][-]{section.4}{Question 4:}{}% 22
\BOOKMARK [2][-]{subsection.4.1}{Approach}{section.4}% 23
\BOOKMARK [2][-]{subsection.4.2}{Source Code}{section.4}% 24
\BOOKMARK [3][-]{subsubsection.4.2.1}{createMDS.py}{subsection.4.2}% 25
\BOOKMARK [2][-]{subsection.4.3}{Output Files}{section.4}% 26
